
/home/runner/work/exp-identifying-domain-classes-from-problem-tatements-iitkgp/exp-identifying-domain-classes-from-problem-tatements-iitkgp/experiment/simulation/js/main.js
    9:10  warning  'subex' is defined but never used                 no-unused-vars
   34:10  warning  'viewsolutionb' is defined but never used         no-unused-vars
   42:10  warning  'solview' is defined but never used               no-unused-vars
   55:10  warning  'addbtnt1' is defined but never used              no-unused-vars
  155:10  warning  'addbtnt2' is defined but never used              no-unused-vars
  189:9   warning  'newIconbtn' is already defined                   no-redeclare
  207:9   warning  'newIconbtn' is already defined                   no-redeclare
  225:9   warning  'newIconbtn' is already defined                   no-redeclare
  244:9   warning  'newIconbtn' is already defined                   no-redeclare
  263:9   warning  'newIconbtn' is already defined                   no-redeclare
  287:10  warning  'addbtnt4' is defined but never used              no-unused-vars
  365:2   warning  Move function declaration to function body root   no-inner-declarations
  394:12  warning  'i' is already defined                            no-redeclare
  395:9   warning  'row' is already defined                          no-redeclare
  415:10  warning  'addbtnt5' is defined but never used              no-unused-vars
  476:7   warning  'newIconbtn' is already defined                   no-redeclare
  497:10  warning  'addbtnt7' is defined but never used              no-unused-vars
  578:5   warning  Move function declaration to function body root   no-inner-declarations
  607:16  warning  'i' is already defined                            no-redeclare
  608:13  warning  'row' is already defined                          no-redeclare
  655:10  warning  'removerowobj' is defined but never used          no-unused-vars
  658:25  warning  '$' is not defined                                no-undef
  660:5   warning  '$' is not defined                                no-undef
  661:5   warning  '$' is not defined                                no-undef
  679:10  warning  'addbtnt9' is defined but never used              no-unused-vars
  729:5   warning  'tabrowindex' is assigned a value but never used  no-unused-vars
  730:5   warning  'rows' is defined but never used                  no-unused-vars
  730:11  warning  'x' is defined but never used                     no-unused-vars
  731:5   warning  'arr' is assigned a value but never used          no-unused-vars
  732:5   warning  'dclass' is defined but never used                no-unused-vars
  732:13  warning  'dobjects' is defined but never used              no-unused-vars
  732:23  warning  'dobjsel' is defined but never used               no-unused-vars
  733:10  warning  'btntlc' is defined but never used                no-unused-vars

/home/runner/work/exp-identifying-domain-classes-from-problem-tatements-iitkgp/exp-identifying-domain-classes-from-problem-tatements-iitkgp/experiment/simulation/js/simulation.js
    1:10  warning  'playsimulation' is defined but never used  no-unused-vars
   32:10  warning  'gonextp2' is defined but never used        no-unused-vars
  141:10  warning  'gonextp3' is defined but never used        no-unused-vars
  255:10  warning  'gonextp32' is defined but never used       no-unused-vars
  300:10  warning  'gonextp4' is defined but never used        no-unused-vars
  312:14  warning  'gonextp42' is defined but never used       no-unused-vars
  318:14  warning  'gonextp43' is defined but never used       no-unused-vars
  323:14  warning  'gonextp44' is defined but never used       no-unused-vars
  328:14  warning  'gonextp45' is defined but never used       no-unused-vars
  343:1   warning  '$' is not defined                          no-undef
  344:5   warning  '$' is not defined                          no-undef
  348:12  warning  'gonextp5' is defined but never used        no-unused-vars
  534:12  warning  'replaybtn' is defined but never used       no-unused-vars

✖ 46 problems (0 errors, 46 warnings)

